# JRE version: Java(TM) SE Runtime Environment (8.0_25-b18) (build 1.8.0_25-b18)
# Java VM: Java HotSpot(TM) Client VM (25.25-b02 mixed mode windows-x86 )
Heap:
 def new generation   total 4928K, used 3198K [0x04800000, 0x04d50000, 0x09d50000)
  eden space 4416K,  72% used [0x04800000, 0x04b1e9d8, 0x04c50000)
  from space 512K,   0% used [0x04c50000, 0x04c50ed0, 0x04cd0000)
  to   space 512K,   0% used [0x04cd0000, 0x04cd0000, 0x04d50000)
 tenured generation   total 10944K, used 5179K [0x09d50000, 0x0a800000, 0x14800000)
   the space 10944K,  47% used [0x09d50000, 0x0a25ec90, 0x0a25ee00, 0x0a800000)
 Metaspace       used 5051K, capacity 5179K, committed 5248K, reserved 5504K
GC Heap History (10 events):
Event: 26.154 GC heap before
{Heap before GC invocations=3 (full 0):
 def new generation   total 4928K, used 4419K [0x04800000, 0x04d50000, 0x09d50000)
  eden space 4416K, 100% used [0x04800000, 0x04c50000, 0x04c50000)
  from space 512K,   0% used [0x04cd0000, 0x04cd0db0, 0x04d50000)
  to   space 512K,   0% used [0x04c50000, 0x04c50000, 0x04cd0000)
 tenured generation   total 10944K, used 5179K [0x09d50000, 0x0a800000, 0x14800000)
   the space 10944K,  47% used [0x09d50000, 0x0a25ec90, 0x0a25ee00, 0x0a800000)
 Metaspace       used 5044K, capacity 5179K, committed 5248K, reserved 5504K
Event: 26.154 GC heap after
Heap after GC invocations=4 (full 0):
 def new generation   total 4928K, used 3K [0x04800000, 0x04d50000, 0x09d50000)
  eden space 4416K,   0% used [0x04800000, 0x04800000, 0x04c50000)
  from space 512K,   0% used [0x04c50000, 0x04c50e80, 0x04cd0000)
  to   space 512K,   0% used [0x04cd0000, 0x04cd0000, 0x04d50000)
 tenured generation   total 10944K, used 5179K [0x09d50000, 0x0a800000, 0x14800000)
   the space 10944K,  47% used [0x09d50000, 0x0a25ec90, 0x0a25ee00, 0x0a800000)
 Metaspace       used 5044K, capacity 5179K, committed 5248K, reserved 5504K
}
Event: 38.525 GC heap before
{Heap before GC invocations=4 (full 0):
 def new generation   total 4928K, used 4419K [0x04800000, 0x04d50000, 0x09d50000)
  eden space 4416K, 100% used [0x04800000, 0x04c50000, 0x04c50000)
  from space 512K,   0% used [0x04c50000, 0x04c50e80, 0x04cd0000)
  to   space 512K,   0% used [0x04cd0000, 0x04cd0000, 0x04d50000)
 tenured generation   total 10944K, used 5179K [0x09d50000, 0x0a800000, 0x14800000)
   the space 10944K,  47% used [0x09d50000, 0x0a25ec90, 0x0a25ee00, 0x0a800000)
 Metaspace       used 5044K, capacity 5179K, committed 5248K, reserved 5504K
Event: 38.525 GC heap after
Heap after GC invocations=5 (full 0):
 def new generation   total 4928K, used 3K [0x04800000, 0x04d50000, 0x09d50000)
  eden space 4416K,   0% used [0x04800000, 0x04800000, 0x04c50000)
  from space 512K,   0% used [0x04cd0000, 0x04cd0e80, 0x04d50000)
  to   space 512K,   0% used [0x04c50000, 0x04c50000, 0x04cd0000)
 tenured generation   total 10944K, used 5179K [0x09d50000, 0x0a800000, 0x14800000)
   the space 10944K,  47% used [0x09d50000, 0x0a25ec90, 0x0a25ee00, 0x0a800000)
 Metaspace       used 5044K, capacity 5179K, committed 5248K, reserved 5504K
}
Event: 50.608 GC heap before
{Heap before GC invocations=5 (full 0):
 def new generation   total 4928K, used 4419K [0x04800000, 0x04d50000, 0x09d50000)
  eden space 4416K, 100% used [0x04800000, 0x04c50000, 0x04c50000)
  from space 512K,   0% used [0x04cd0000, 0x04cd0e80, 0x04d50000)
  to   space 512K,   0% used [0x04c50000, 0x04c50000, 0x04cd0000)
 tenured generation   total 10944K, used 5179K [0x09d50000, 0x0a800000, 0x14800000)
   the space 10944K,  47% used [0x09d50000, 0x0a25ec90, 0x0a25ee00, 0x0a800000)
 Metaspace       used 5047K, capacity 5179K, committed 5248K, reserved 5504K
Event: 50.609 GC heap after
Heap after GC invocations=6 (full 0):
 def new generation   total 4928K, used 3K [0x04800000, 0x04d50000, 0x09d50000)
  eden space 4416K,   0% used [0x04800000, 0x04800000, 0x04c50000)
  from space 512K,   0% used [0x04c50000, 0x04c50f80, 0x04cd0000)
  to   space 512K,   0% used [0x04cd0000, 0x04cd0000, 0x04d50000)
 tenured generation   total 10944K, used 5179K [0x09d50000, 0x0a800000, 0x14800000)
   the space 10944K,  47% used [0x09d50000, 0x0a25ec90, 0x0a25ee00, 0x0a800000)
 Metaspace       used 5047K, capacity 5179K, committed 5248K, reserved 5504K
}
Event: 62.793 GC heap before
{Heap before GC invocations=6 (full 0):
 def new generation   total 4928K, used 4419K [0x04800000, 0x04d50000, 0x09d50000)
  eden space 4416K, 100% used [0x04800000, 0x04c50000, 0x04c50000)
  from space 512K,   0% used [0x04c50000, 0x04c50f80, 0x04cd0000)
  to   space 512K,   0% used [0x04cd0000, 0x04cd0000, 0x04d50000)
 tenured generation   total 10944K, used 5179K [0x09d50000, 0x0a800000, 0x14800000)
   the space 10944K,  47% used [0x09d50000, 0x0a25ec90, 0x0a25ee00, 0x0a800000)
 Metaspace       used 5049K, capacity 5179K, committed 5248K, reserved 5504K
Event: 62.794 GC heap after
Heap after GC invocations=7 (full 0):
 def new generation   total 4928K, used 4K [0x04800000, 0x04d50000, 0x09d50000)
  eden space 4416K,   0% used [0x04800000, 0x04800000, 0x04c50000)
  from space 512K,   0% used [0x04cd0000, 0x04cd1000, 0x04d50000)
  to   space 512K,   0% used [0x04c50000, 0x04c50000, 0x04cd0000)
 tenured generation   total 10944K, used 5179K [0x09d50000, 0x0a800000, 0x14800000)
   the space 10944K,  47% used [0x09d50000, 0x0a25ec90, 0x0a25ee00, 0x0a800000)
 Metaspace       used 5049K, capacity 5179K, committed 5248K, reserved 5504K
}
Event: 74.965 GC heap before
{Heap before GC invocations=7 (full 0):
 def new generation   total 4928K, used 4420K [0x04800000, 0x04d50000, 0x09d50000)
  eden space 4416K, 100% used [0x04800000, 0x04c50000, 0x04c50000)
  from space 512K,   0% used [0x04cd0000, 0x04cd1000, 0x04d50000)
  to   space 512K,   0% used [0x04c50000, 0x04c50000, 0x04cd0000)
 tenured generation   total 10944K, used 5179K [0x09d50000, 0x0a800000, 0x14800000)
   the space 10944K,  47% used [0x09d50000, 0x0a25ec90, 0x0a25ee00, 0x0a800000)
 Metaspace       used 5049K, capacity 5179K, committed 5248K, reserved 5504K
Event: 74.965 GC heap after
Heap after GC invocations=8 (full 0):
 def new generation   total 4928K, used 3K [0x04800000, 0x04d50000, 0x09d50000)
  eden space 4416K,   0% used [0x04800000, 0x04800000, 0x04c50000)
  from space 512K,   0% used [0x04c50000, 0x04c50ed0, 0x04cd0000)
  to   space 512K,   0% used [0x04cd0000, 0x04cd0000, 0x04d50000)
 tenured generation   total 10944K, used 5179K [0x09d50000, 0x0a800000, 0x14800000)
   the space 10944K,  47% used [0x09d50000, 0x0a25ec90, 0x0a25ee00, 0x0a800000)
 Metaspace       used 5049K, capacity 5179K, committed 5248K, reserved 5504K
}

